==25447== Memcheck, a memory error detector
==25447== Copyright (C) 2002-2015, and GNU GPL'd, by Julian Seward et al.
==25447== Using Valgrind-3.11.0 and LibVEX; rerun with -h for copyright info
==25447== Command: ./radix 1024 4 2
==25447== 
==25447== 
==25447== HEAP SUMMARY:
==25447==     in use at exit: 72,704 bytes in 1 blocks
==25447==   total heap usage: 217 allocs, 216 frees, 439,120 bytes allocated
==25447== 
==25447== 72,704 bytes in 1 blocks are still reachable in loss record 1 of 1
==25447==    at 0x4C2DB8F: malloc (in /usr/lib/valgrind/vgpreload_memcheck-amd64-linux.so)
==25447==    by 0x50F9275: ??? (in /usr/lib/x86_64-linux-gnu/libstdc++.so.6.0.28)
==25447==    by 0x40106F9: call_init.part.0 (dl-init.c:72)
==25447==    by 0x401080A: call_init (dl-init.c:30)
==25447==    by 0x401080A: _dl_init (dl-init.c:120)
==25447==    by 0x4000C69: ??? (in /lib/x86_64-linux-gnu/ld-2.23.so)
==25447==    by 0x3: ???
==25447==    by 0xFFF000BCE: ???
==25447==    by 0xFFF000BD6: ???
==25447==    by 0xFFF000BDB: ???
==25447==    by 0xFFF000BDD: ???
==25447== 
==25447== LEAK SUMMARY:
==25447==    definitely lost: 0 bytes in 0 blocks
==25447==    indirectly lost: 0 bytes in 0 blocks
==25447==      possibly lost: 0 bytes in 0 blocks
==25447==    still reachable: 72,704 bytes in 1 blocks
==25447==         suppressed: 0 bytes in 0 blocks
==25447== 
==25447== For counts of detected and suppressed errors, rerun with: -v
==25447== ERROR SUMMARY: 0 errors from 0 contexts (suppressed: 0 from 0)
