==30343== Memcheck, a memory error detector
==30343== Copyright (C) 2002-2015, and GNU GPL'd, by Julian Seward et al.
==30343== Using Valgrind-3.11.0 and LibVEX; rerun with -h for copyright info
==30343== Command: ./bounds
==30343== 
==30343== 
==30343== HEAP SUMMARY:
==30343==     in use at exit: 72,704 bytes in 1 blocks
==30343==   total heap usage: 486 allocs, 485 frees, 128,270 bytes allocated
==30343== 
==30343== 72,704 bytes in 1 blocks are still reachable in loss record 1 of 1
==30343==    at 0x4C2DB8F: malloc (in /usr/lib/valgrind/vgpreload_memcheck-amd64-linux.so)
==30343==    by 0x4EDC275: ??? (in /usr/lib/x86_64-linux-gnu/libstdc++.so.6.0.28)
==30343==    by 0x40106F9: call_init.part.0 (dl-init.c:72)
==30343==    by 0x401080A: call_init (dl-init.c:30)
==30343==    by 0x401080A: _dl_init (dl-init.c:120)
==30343==    by 0x4000C69: ??? (in /lib/x86_64-linux-gnu/ld-2.23.so)
==30343== 
==30343== LEAK SUMMARY:
==30343==    definitely lost: 0 bytes in 0 blocks
==30343==    indirectly lost: 0 bytes in 0 blocks
==30343==      possibly lost: 0 bytes in 0 blocks
==30343==    still reachable: 72,704 bytes in 1 blocks
==30343==         suppressed: 0 bytes in 0 blocks
==30343== 
==30343== For counts of detected and suppressed errors, rerun with: -v
==30343== ERROR SUMMARY: 0 errors from 0 contexts (suppressed: 0 from 0)
